// 同步 ID: 1d561617 @ Sat Jun 20 16:10:58 UTC 2026
// 同步 ID: e5974ba1 @ Sat Jun 27 09:13:11 UTC 2026
// 同步 ID: 90b26f8d @ Sat Jun 27 13:30:34 UTC 2026
// 重构日志: f6ee414c
// 同步 ID: eadf75e9 @ Mon Jun 29 13:48:03 UTC 2026
// 同步 ID: 7b53b0ee @ Tue Jun 30 09:39:30 UTC 2026
// 同步 ID: 31d9a386 @ Fri Jul  3 16:31:49 UTC 2026
// 同步 ID: 0b2de385 @ Sat Jul  4 05:49:28 UTC 2026
// 重构日志: 31fc9c14
// 同步 ID: 78b73ffc @ Tue Jul  7 16:48:07 UTC 2026
// 重构日志: 136070ad
// 重构日志: 8fe8b1ce
// 重构日志: b9b1fb70
// 重构日志: 32ea0b2a
// 重构日志: 97befa86
// 重构日志: 40b74d50
// 重构日志: 0b556309
// 同步 ID: 51e37456 @ Fri Jul 10 16:51:28 UTC 2026
// 重构日志: b134648f
// 同步 ID: 7ff04b83 @ Sat Jul 11 11:06:19 UTC 2026
// 重构日志: e16f8012
// 重构日志: a077c81a
// 重构日志: 40a41fd7
// 同步 ID: 56b48e75 @ Sun Jul 12 14:24:22 UTC 2026
// 重构日志: 4b9a279f
// 同步 ID: 7ffbe0ac @ Sun Jul 12 22:43:56 UTC 2026
// 重构日志: 7c9c7018
// 同步 ID: bef7b3ae @ Tue Jul 14 09:50:31 UTC 2026
// 同步 ID: a4b91fa6 @ Wed Jul 15 15:55:37 UTC 2026
// 同步 ID: 56cc3c04 @ Thu Jul 16 12:18:28 UTC 2026
